2026-01-08 00:27:56.365 | INFO     | __main__:main:320 - ============================================================
2026-01-08 00:27:56.365 | INFO     | __main__:main:321 - TacticsAI Training
2026-01-08 00:27:56.365 | INFO     | __main__:main:322 - ============================================================
2026-01-08 00:27:56.365 | INFO     | __main__:main:323 - Arguments: {'epochs': 10, 'batch_size': 32, 'lr': 0.001, 'patience': 10, 'max_matches': 100, 'val_split': 0.2, 'synthetic': False, 'synthetic_samples': 1000, 'hidden_dim': 64, 'num_layers': 3, 'simple_model': False, 'model_path': 'backend/models/saved/tacticsai.pt', 'no_save': False}
2026-01-08 00:27:56.365 | INFO     | __main__:load_data:140 - ============================================================
2026-01-08 00:27:56.365 | INFO     | __main__:load_data:141 - Loading data...
2026-01-08 00:27:56.365 | INFO     | __main__:load_data:147 - Loading from StatsBomb open data
2026-01-08 00:27:56.365 | INFO     | data.dataset:from_statsbomb:195 - Loading StatsBomb data (competition=2, season=27)
2026-01-08 00:27:56.365 | DEBUG    | data.fetchers:__init__:53 - Initialized StatsBombFetcher with cache at backend/data/cache
2026-01-08 00:27:56.456 | INFO     | data.fetchers:_get_cached:125 - Cache hit for matches_2_27 (380 rows)
2026-01-08 00:27:56.456 | INFO     | data.dataset:from_statsbomb:210 - Processing 100 matches
2026-01-08 00:27:56.458 | INFO     | data.fetchers:fetch_lineups:315 - Fetching lineups for match 3754058...
2026-01-08 00:27:56.954 | INFO     | data.fetchers:fetch_lineups:333 - Fetched lineups for 2 teams
2026-01-08 00:27:56.959 | INFO     | data.fetchers:fetch_lineups:315 - Fetching lineups for match 3754245...
2026-01-08 00:27:57.126 | INFO     | data.fetchers:fetch_lineups:333 - Fetched lineups for 2 teams
2026-01-08 00:27:57.128 | INFO     | data.fetchers:fetch_lineups:315 - Fetching lineups for match 3754136...
2026-01-08 00:27:57.295 | INFO     | data.fetchers:fetch_lineups:333 - Fetched lineups for 2 teams
2026-01-08 00:27:57.299 | INFO     | data.fetchers:fetch_lineups:315 - Fetching lineups for match 3754037...
2026-01-08 00:27:57.667 | INFO     | data.fetchers:fetch_lineups:333 - Fetched lineups for 2 teams
2026-01-08 00:27:57.672 | INFO     | data.fetchers:fetch_lineups:315 - Fetching lineups for match 3754039...
2026-01-08 00:27:57.827 | INFO     | data.fetchers:fetch_lineups:333 - Fetched lineups for 2 teams
2026-01-08 00:27:57.830 | INFO     | data.fetchers:fetch_lineups:315 - Fetching lineups for match 3754041...
2026-01-08 00:27:58.030 | INFO     | data.fetchers:fetch_lineups:333 - Fetched lineups for 2 teams
2026-01-08 00:27:58.034 | INFO     | data.fetchers:fetch_lineups:315 - Fetching lineups for match 3754042...
2026-01-08 00:27:58.193 | INFO     | data.fetchers:fetch_lineups:333 - Fetched lineups for 2 teams
2026-01-08 00:27:58.197 | INFO     | data.fetchers:fetch_lineups:315 - Fetching lineups for match 3754043...
2026-01-08 00:27:58.508 | INFO     | data.fetchers:fetch_lineups:333 - Fetched lineups for 2 teams
2026-01-08 00:27:58.512 | INFO     | data.fetchers:fetch_lineups:315 - Fetching lineups for match 3754045...
2026-01-08 00:27:58.721 | INFO     | data.fetchers:fetch_lineups:333 - Fetched lineups for 2 teams
2026-01-08 00:27:58.725 | INFO     | data.fetchers:fetch_lineups:315 - Fetching lineups for match 3754048...
2026-01-08 00:27:58.929 | INFO     | data.fetchers:fetch_lineups:333 - Fetched lineups for 2 teams
2026-01-08 00:27:58.932 | INFO     | data.fetchers:fetch_lineups:315 - Fetching lineups for match 3754049...
2026-01-08 00:27:59.135 | INFO     | data.fetchers:fetch_lineups:333 - Fetched lineups for 2 teams
2026-01-08 00:27:59.138 | INFO     | data.fetchers:fetch_lineups:315 - Fetching lineups for match 3754050...
2026-01-08 00:27:59.319 | INFO     | data.fetchers:fetch_lineups:333 - Fetched lineups for 2 teams
2026-01-08 00:27:59.321 | INFO     | data.fetchers:fetch_lineups:315 - Fetching lineups for match 3754052...
2026-01-08 00:27:59.485 | INFO     | data.fetchers:fetch_lineups:333 - Fetched lineups for 2 teams
2026-01-08 00:27:59.489 | INFO     | data.fetchers:fetch_lineups:315 - Fetching lineups for match 3754053...
2026-01-08 00:27:59.656 | INFO     | data.fetchers:fetch_lineups:333 - Fetched lineups for 2 teams
2026-01-08 00:27:59.660 | INFO     | data.fetchers:fetch_lineups:315 - Fetching lineups for match 3754055...
2026-01-08 00:27:59.820 | INFO     | data.fetchers:fetch_lineups:333 - Fetched lineups for 2 teams
2026-01-08 00:27:59.829 | INFO     | data.fetchers:fetch_lineups:315 - Fetching lineups for match 3754226...
2026-01-08 00:27:59.993 | INFO     | data.fetchers:fetch_lineups:333 - Fetched lineups for 2 teams
2026-01-08 00:27:59.995 | INFO     | data.fetchers:fetch_lineups:315 - Fetching lineups for match 3754014...
2026-01-08 00:28:00.322 | INFO     | data.fetchers:fetch_lineups:333 - Fetched lineups for 2 teams
2026-01-08 00:28:00.326 | INFO     | data.fetchers:fetch_lineups:315 - Fetching lineups for match 3754091...
2026-01-08 00:28:00.532 | INFO     | data.fetchers:fetch_lineups:333 - Fetched lineups for 2 teams
2026-01-08 00:28:00.536 | INFO     | data.fetchers:fetch_lineups:315 - Fetching lineups for match 3754135...
2026-01-08 00:28:00.731 | INFO     | data.fetchers:fetch_lineups:333 - Fetched lineups for 2 teams
2026-01-08 00:28:00.736 | INFO     | data.fetchers:fetch_lineups:315 - Fetching lineups for match 3754293...
2026-01-08 00:28:00.909 | INFO     | data.fetchers:fetch_lineups:333 - Fetched lineups for 2 teams
2026-01-08 00:28:00.912 | INFO     | data.fetchers:fetch_lineups:315 - Fetching lineups for match 3754339...
2026-01-08 00:28:01.121 | INFO     | data.fetchers:fetch_lineups:333 - Fetched lineups for 2 teams
2026-01-08 00:28:01.125 | INFO     | data.fetchers:fetch_lineups:315 - Fetching lineups for match 3754146...
2026-01-08 00:28:01.322 | INFO     | data.fetchers:fetch_lineups:333 - Fetched lineups for 2 teams
2026-01-08 00:28:01.327 | INFO     | data.fetchers:fetch_lineups:315 - Fetching lineups for match 3754347...
2026-01-08 00:28:01.525 | INFO     | data.fetchers:fetch_lineups:333 - Fetched lineups for 2 teams
2026-01-08 00:28:01.528 | INFO     | data.fetchers:fetch_lineups:315 - Fetching lineups for match 3754255...
2026-01-08 00:28:01.864 | INFO     | data.fetchers:fetch_lineups:333 - Fetched lineups for 2 teams
2026-01-08 00:28:01.867 | INFO     | data.fetchers:fetch_lineups:315 - Fetching lineups for match 3754278...
2026-01-08 00:28:02.078 | INFO     | data.fetchers:fetch_lineups:333 - Fetched lineups for 2 teams
2026-01-08 00:28:02.082 | INFO     | data.fetchers:fetch_lineups:315 - Fetching lineups for match 3753979...
2026-01-08 00:28:02.290 | INFO     | data.fetchers:fetch_lineups:333 - Fetched lineups for 2 teams
2026-01-08 00:28:02.293 | INFO     | data.fetchers:fetch_lineups:315 - Fetching lineups for match 3753972...
2026-01-08 00:28:02.444 | INFO     | data.fetchers:fetch_lineups:333 - Fetched lineups for 2 teams
2026-01-08 00:28:02.446 | INFO     | data.fetchers:fetch_lineups:315 - Fetching lineups for match 3753978...
2026-01-08 00:28:02.647 | INFO     | data.fetchers:fetch_lineups:333 - Fetched lineups for 2 teams
2026-01-08 00:28:02.652 | INFO     | data.fetchers:fetch_lineups:315 - Fetching lineups for match 3753974...
2026-01-08 00:28:02.821 | INFO     | data.fetchers:fetch_lineups:333 - Fetched lineups for 2 teams
2026-01-08 00:28:02.825 | INFO     | data.fetchers:fetch_lineups:315 - Fetching lineups for match 3753993...
2026-01-08 00:28:02.982 | INFO     | data.fetchers:fetch_lineups:333 - Fetched lineups for 2 teams
2026-01-08 00:28:02.985 | INFO     | data.fetchers:fetch_lineups:315 - Fetching lineups for match 3753983...
2026-01-08 00:28:03.153 | INFO     | data.fetchers:fetch_lineups:333 - Fetched lineups for 2 teams
2026-01-08 00:28:03.155 | INFO     | data.fetchers:fetch_lineups:315 - Fetching lineups for match 3754015...
2026-01-08 00:28:03.343 | INFO     | data.fetchers:fetch_lineups:333 - Fetched lineups for 2 teams
2026-01-08 00:28:03.349 | INFO     | data.fetchers:fetch_lineups:315 - Fetching lineups for match 3754038...
2026-01-08 00:28:03.507 | INFO     | data.fetchers:fetch_lineups:333 - Fetched lineups for 2 teams
2026-01-08 00:28:03.509 | INFO     | data.fetchers:fetch_lineups:315 - Fetching lineups for match 3754001...
2026-01-08 00:28:03.667 | INFO     | data.fetchers:fetch_lineups:333 - Fetched lineups for 2 teams
2026-01-08 00:28:03.669 | INFO     | data.fetchers:fetch_lineups:315 - Fetching lineups for match 3754007...
2026-01-08 00:28:03.826 | INFO     | data.fetchers:fetch_lineups:333 - Fetched lineups for 2 teams
2026-01-08 00:28:03.828 | INFO     | data.fetchers:fetch_lineups:315 - Fetching lineups for match 3754008...
2026-01-08 00:28:04.053 | INFO     | data.fetchers:fetch_lineups:333 - Fetched lineups for 2 teams
2026-01-08 00:28:04.058 | INFO     | data.fetchers:fetch_lineups:315 - Fetching lineups for match 3754029...
2026-01-08 00:28:04.245 | INFO     | data.fetchers:fetch_lineups:333 - Fetched lineups for 2 teams
2026-01-08 00:28:04.248 | INFO     | data.fetchers:fetch_lineups:315 - Fetching lineups for match 3753995...
2026-01-08 00:28:04.467 | INFO     | data.fetchers:fetch_lineups:333 - Fetched lineups for 2 teams
2026-01-08 00:28:04.472 | INFO     | data.fetchers:fetch_lineups:315 - Fetching lineups for match 3753999...
2026-01-08 00:28:04.684 | INFO     | data.fetchers:fetch_lineups:333 - Fetched lineups for 2 teams
2026-01-08 00:28:04.688 | INFO     | data.fetchers:fetch_lineups:315 - Fetching lineups for match 3754017...
2026-01-08 00:28:04.863 | INFO     | data.fetchers:fetch_lineups:333 - Fetched lineups for 2 teams
2026-01-08 00:28:04.866 | INFO     | data.fetchers:fetch_lineups:315 - Fetching lineups for match 3754006...
2026-01-08 00:28:05.062 | INFO     | data.fetchers:fetch_lineups:333 - Fetched lineups for 2 teams
2026-01-08 00:28:05.066 | INFO     | data.fetchers:fetch_lineups:315 - Fetching lineups for match 3754023...
2026-01-08 00:28:05.259 | INFO     | data.fetchers:fetch_lineups:333 - Fetched lineups for 2 teams
2026-01-08 00:28:05.264 | INFO     | data.fetchers:fetch_lineups:315 - Fetching lineups for match 3753984...
2026-01-08 00:28:05.463 | INFO     | data.fetchers:fetch_lineups:333 - Fetched lineups for 2 teams
2026-01-08 00:28:05.467 | INFO     | data.fetchers:fetch_lineups:315 - Fetching lineups for match 3754011...
2026-01-08 00:28:05.633 | INFO     | data.fetchers:fetch_lineups:333 - Fetched lineups for 2 teams
2026-01-08 00:28:05.637 | INFO     | data.fetchers:fetch_lineups:315 - Fetching lineups for match 3754010...
2026-01-08 00:28:05.823 | INFO     | data.fetchers:fetch_lineups:333 - Fetched lineups for 2 teams
2026-01-08 00:28:05.826 | INFO     | data.fetchers:fetch_lineups:315 - Fetching lineups for match 3754028...
2026-01-08 00:28:05.999 | INFO     | data.fetchers:fetch_lineups:333 - Fetched lineups for 2 teams
2026-01-08 00:28:06.002 | INFO     | data.fetchers:fetch_lineups:315 - Fetching lineups for match 3753996...
2026-01-08 00:28:06.183 | INFO     | data.fetchers:fetch_lineups:333 - Fetched lineups for 2 teams
2026-01-08 00:28:06.186 | INFO     | data.fetchers:fetch_lineups:315 - Fetching lineups for match 3754025...
2026-01-08 00:28:06.487 | INFO     | data.fetchers:fetch_lineups:333 - Fetched lineups for 2 teams
2026-01-08 00:28:06.491 | INFO     | data.fetchers:fetch_lineups:315 - Fetching lineups for match 3754068...
2026-01-08 00:28:06.654 | INFO     | data.fetchers:fetch_lineups:333 - Fetched lineups for 2 teams
2026-01-08 00:28:06.657 | INFO     | data.fetchers:fetch_lineups:315 - Fetching lineups for match 3754056...
2026-01-08 00:28:06.867 | INFO     | data.fetchers:fetch_lineups:333 - Fetched lineups for 2 teams
2026-01-08 00:28:06.872 | INFO     | data.fetchers:fetch_lineups:315 - Fetching lineups for match 3754040...
2026-01-08 00:28:07.031 | INFO     | data.fetchers:fetch_lineups:333 - Fetched lineups for 2 teams
2026-01-08 00:28:07.035 | INFO     | data.fetchers:fetch_lineups:315 - Fetching lineups for match 3754074...
2026-01-08 00:28:07.210 | INFO     | data.fetchers:fetch_lineups:333 - Fetched lineups for 2 teams
2026-01-08 00:28:07.214 | INFO     | data.fetchers:fetch_lineups:315 - Fetching lineups for match 3754076...
2026-01-08 00:28:07.392 | INFO     | data.fetchers:fetch_lineups:333 - Fetched lineups for 2 teams
2026-01-08 00:28:07.395 | INFO     | data.fetchers:fetch_lineups:315 - Fetching lineups for match 3754067...
2026-01-08 00:28:07.597 | INFO     | data.fetchers:fetch_lineups:333 - Fetched lineups for 2 teams
2026-01-08 00:28:07.600 | INFO     | data.fetchers:fetch_lineups:315 - Fetching lineups for match 3754079...
2026-01-08 00:28:07.761 | INFO     | data.fetchers:fetch_lineups:333 - Fetched lineups for 2 teams
2026-01-08 00:28:07.764 | INFO     | data.fetchers:fetch_lineups:315 - Fetching lineups for match 3754090...
2026-01-08 00:28:08.103 | INFO     | data.fetchers:fetch_lineups:333 - Fetched lineups for 2 teams
2026-01-08 00:28:08.107 | INFO     | data.fetchers:fetch_lineups:315 - Fetching lineups for match 3754083...
2026-01-08 00:28:08.259 | INFO     | data.fetchers:fetch_lineups:333 - Fetched lineups for 2 teams
2026-01-08 00:28:08.263 | INFO     | data.fetchers:fetch_lineups:315 - Fetching lineups for match 3754077...
2026-01-08 00:28:08.417 | INFO     | data.fetchers:fetch_lineups:333 - Fetched lineups for 2 teams
2026-01-08 00:28:08.421 | INFO     | data.fetchers:fetch_lineups:315 - Fetching lineups for match 3754060...
2026-01-08 00:28:08.588 | INFO     | data.fetchers:fetch_lineups:333 - Fetched lineups for 2 teams
2026-01-08 00:28:08.593 | INFO     | data.fetchers:fetch_lineups:315 - Fetching lineups for match 3754073...
2026-01-08 00:28:08.769 | INFO     | data.fetchers:fetch_lineups:333 - Fetched lineups for 2 teams
2026-01-08 00:28:08.773 | INFO     | data.fetchers:fetch_lineups:315 - Fetching lineups for match 3754085...
2026-01-08 00:28:08.932 | INFO     | data.fetchers:fetch_lineups:333 - Fetched lineups for 2 teams
2026-01-08 00:28:08.938 | INFO     | data.fetchers:fetch_lineups:315 - Fetching lineups for match 3754047...
2026-01-08 00:28:09.099 | INFO     | data.fetchers:fetch_lineups:333 - Fetched lineups for 2 teams
2026-01-08 00:28:09.103 | INFO     | data.fetchers:fetch_lineups:315 - Fetching lineups for match 3754051...
2026-01-08 00:28:09.263 | INFO     | data.fetchers:fetch_lineups:333 - Fetched lineups for 2 teams
2026-01-08 00:28:09.267 | INFO     | data.fetchers:fetch_lineups:315 - Fetching lineups for match 3754093...
2026-01-08 00:28:09.420 | INFO     | data.fetchers:fetch_lineups:333 - Fetched lineups for 2 teams
2026-01-08 00:28:09.425 | INFO     | data.fetchers:fetch_lineups:315 - Fetching lineups for match 3754046...
2026-01-08 00:28:09.618 | INFO     | data.fetchers:fetch_lineups:333 - Fetched lineups for 2 teams
2026-01-08 00:28:09.622 | INFO     | data.fetchers:fetch_lineups:315 - Fetching lineups for match 3754072...
2026-01-08 00:28:09.784 | INFO     | data.fetchers:fetch_lineups:333 - Fetched lineups for 2 teams
2026-01-08 00:28:09.787 | INFO     | data.fetchers:fetch_lineups:315 - Fetching lineups for match 3754082...
2026-01-08 00:28:09.952 | INFO     | data.fetchers:fetch_lineups:333 - Fetched lineups for 2 teams
2026-01-08 00:28:09.955 | INFO     | data.fetchers:fetch_lineups:315 - Fetching lineups for match 3754106...
2026-01-08 00:28:10.113 | INFO     | data.fetchers:fetch_lineups:333 - Fetched lineups for 2 teams
2026-01-08 00:28:10.117 | INFO     | data.fetchers:fetch_lineups:315 - Fetching lineups for match 3754099...
2026-01-08 00:28:10.289 | INFO     | data.fetchers:fetch_lineups:333 - Fetched lineups for 2 teams
2026-01-08 00:28:10.293 | INFO     | data.fetchers:fetch_lineups:315 - Fetching lineups for match 3754098...
2026-01-08 00:28:10.469 | INFO     | data.fetchers:fetch_lineups:333 - Fetched lineups for 2 teams
2026-01-08 00:28:10.473 | INFO     | data.fetchers:fetch_lineups:315 - Fetching lineups for match 3754057...
2026-01-08 00:28:10.645 | INFO     | data.fetchers:fetch_lineups:333 - Fetched lineups for 2 teams
2026-01-08 00:28:10.649 | INFO     | data.fetchers:fetch_lineups:315 - Fetching lineups for match 3754112...
2026-01-08 00:28:10.808 | INFO     | data.fetchers:fetch_lineups:333 - Fetched lineups for 2 teams
2026-01-08 00:28:10.811 | INFO     | data.fetchers:fetch_lineups:315 - Fetching lineups for match 3754117...
2026-01-08 00:28:11.178 | INFO     | data.fetchers:fetch_lineups:333 - Fetched lineups for 2 teams
2026-01-08 00:28:11.182 | INFO     | data.fetchers:fetch_lineups:315 - Fetching lineups for match 3754104...
2026-01-08 00:28:11.352 | INFO     | data.fetchers:fetch_lineups:333 - Fetched lineups for 2 teams
2026-01-08 00:28:11.356 | INFO     | data.fetchers:fetch_lineups:315 - Fetching lineups for match 3754054...
2026-01-08 00:28:11.538 | INFO     | data.fetchers:fetch_lineups:333 - Fetched lineups for 2 teams
2026-01-08 00:28:11.544 | INFO     | data.fetchers:fetch_lineups:315 - Fetching lineups for match 3754113...
2026-01-08 00:28:11.736 | INFO     | data.fetchers:fetch_lineups:333 - Fetched lineups for 2 teams
2026-01-08 00:28:11.740 | INFO     | data.fetchers:fetch_lineups:315 - Fetching lineups for match 3754107...
2026-01-08 00:28:11.909 | INFO     | data.fetchers:fetch_lineups:333 - Fetched lineups for 2 teams
2026-01-08 00:28:11.912 | INFO     | data.fetchers:fetch_lineups:315 - Fetching lineups for match 3754105...
2026-01-08 00:28:12.069 | INFO     | data.fetchers:fetch_lineups:333 - Fetched lineups for 2 teams
2026-01-08 00:28:12.073 | INFO     | data.fetchers:fetch_lineups:315 - Fetching lineups for match 3754097...
2026-01-08 00:28:12.230 | INFO     | data.fetchers:fetch_lineups:333 - Fetched lineups for 2 teams
2026-01-08 00:28:12.234 | INFO     | data.fetchers:fetch_lineups:315 - Fetching lineups for match 3754102...
2026-01-08 00:28:12.392 | INFO     | data.fetchers:fetch_lineups:333 - Fetched lineups for 2 teams
2026-01-08 00:28:12.396 | INFO     | data.fetchers:fetch_lineups:315 - Fetching lineups for match 3754115...
2026-01-08 00:28:12.578 | INFO     | data.fetchers:fetch_lineups:333 - Fetched lineups for 2 teams
2026-01-08 00:28:12.582 | INFO     | data.fetchers:fetch_lineups:315 - Fetching lineups for match 3754148...
2026-01-08 00:28:12.774 | INFO     | data.fetchers:fetch_lineups:333 - Fetched lineups for 2 teams
2026-01-08 00:28:12.779 | INFO     | data.fetchers:fetch_lineups:315 - Fetching lineups for match 3754169...
2026-01-08 00:28:12.943 | INFO     | data.fetchers:fetch_lineups:333 - Fetched lineups for 2 teams
2026-01-08 00:28:12.947 | INFO     | data.fetchers:fetch_lineups:315 - Fetching lineups for match 3754174...
2026-01-08 00:28:13.133 | INFO     | data.fetchers:fetch_lineups:333 - Fetched lineups for 2 teams
2026-01-08 00:28:13.137 | INFO     | data.fetchers:fetch_lineups:315 - Fetching lineups for match 3754185...
2026-01-08 00:28:13.337 | INFO     | data.fetchers:fetch_lineups:333 - Fetched lineups for 2 teams
2026-01-08 00:28:13.342 | INFO     | data.fetchers:fetch_lineups:315 - Fetching lineups for match 3754162...
2026-01-08 00:28:13.507 | INFO     | data.fetchers:fetch_lineups:333 - Fetched lineups for 2 teams
2026-01-08 00:28:13.511 | INFO     | data.fetchers:fetch_lineups:315 - Fetching lineups for match 3754096...
2026-01-08 00:28:13.681 | INFO     | data.fetchers:fetch_lineups:333 - Fetched lineups for 2 teams
2026-01-08 00:28:13.684 | INFO     | data.fetchers:fetch_lineups:315 - Fetching lineups for match 3754171...
2026-01-08 00:28:13.989 | INFO     | data.fetchers:fetch_lineups:333 - Fetched lineups for 2 teams
2026-01-08 00:28:13.993 | INFO     | data.fetchers:fetch_lineups:315 - Fetching lineups for match 3754119...
2026-01-08 00:28:14.200 | INFO     | data.fetchers:fetch_lineups:333 - Fetched lineups for 2 teams
2026-01-08 00:28:14.203 | INFO     | data.fetchers:fetch_lineups:315 - Fetching lineups for match 3754126...
2026-01-08 00:28:14.364 | INFO     | data.fetchers:fetch_lineups:333 - Fetched lineups for 2 teams
2026-01-08 00:28:14.367 | INFO     | data.fetchers:fetch_lineups:315 - Fetching lineups for match 3754133...
2026-01-08 00:28:14.559 | INFO     | data.fetchers:fetch_lineups:333 - Fetched lineups for 2 teams
2026-01-08 00:28:14.563 | INFO     | data.fetchers:fetch_lineups:315 - Fetching lineups for match 3754167...
2026-01-08 00:28:14.757 | INFO     | data.fetchers:fetch_lineups:333 - Fetched lineups for 2 teams
2026-01-08 00:28:14.761 | INFO     | data.fetchers:fetch_lineups:315 - Fetching lineups for match 3754145...
2026-01-08 00:28:14.960 | INFO     | data.fetchers:fetch_lineups:333 - Fetched lineups for 2 teams
2026-01-08 00:28:14.965 | INFO     | data.fetchers:fetch_lineups:315 - Fetching lineups for match 3754153...
2026-01-08 00:28:15.122 | INFO     | data.fetchers:fetch_lineups:333 - Fetched lineups for 2 teams
2026-01-08 00:28:15.126 | INFO     | data.fetchers:fetch_lineups:315 - Fetching lineups for match 3754143...
2026-01-08 00:28:15.328 | INFO     | data.fetchers:fetch_lineups:333 - Fetched lineups for 2 teams
2026-01-08 00:28:15.332 | INFO     | data.fetchers:fetch_lineups:315 - Fetching lineups for match 3754186...
2026-01-08 00:28:15.490 | INFO     | data.fetchers:fetch_lineups:333 - Fetched lineups for 2 teams
2026-01-08 00:28:15.494 | INFO     | data.fetchers:fetch_lineups:315 - Fetching lineups for match 3754130...
2026-01-08 00:28:15.686 | INFO     | data.fetchers:fetch_lineups:333 - Fetched lineups for 2 teams
2026-01-08 00:28:15.688 | INFO     | data.fetchers:fetch_lineups:315 - Fetching lineups for match 3754188...
2026-01-08 00:28:15.844 | INFO     | data.fetchers:fetch_lineups:333 - Fetched lineups for 2 teams
2026-01-08 00:28:15.848 | INFO     | data.fetchers:fetch_lineups:315 - Fetching lineups for match 3754178...
2026-01-08 00:28:16.051 | INFO     | data.fetchers:fetch_lineups:333 - Fetched lineups for 2 teams
2026-01-08 00:28:16.055 | INFO     | data.fetchers:fetch_lineups:315 - Fetching lineups for match 3754157...
2026-01-08 00:28:16.216 | INFO     | data.fetchers:fetch_lineups:333 - Fetched lineups for 2 teams
2026-01-08 00:28:16.219 | INFO     | data.dataset:from_statsbomb:227 - Created 100 matchups from StatsBomb data
2026-01-08 00:28:16.219 | INFO     | data.dataset:__init__:155 - MatchupDataset initialized with 100 samples
2026-01-08 00:28:16.220 | INFO     | data.dataset:split:529 - Split: 80 train, 20 val
2026-01-08 00:28:16.220 | INFO     | data.dataset:__init__:155 - MatchupDataset initialized with 80 samples
2026-01-08 00:28:16.220 | INFO     | data.dataset:__init__:155 - MatchupDataset initialized with 20 samples
2026-01-08 00:28:16.220 | INFO     | __main__:load_data:161 - Train samples: 80
2026-01-08 00:28:16.220 | INFO     | __main__:load_data:162 - Val samples: 20
2026-01-08 00:28:16.221 | INFO     | __main__:create_model:181 - ============================================================
2026-01-08 00:28:16.221 | INFO     | __main__:create_model:182 - Creating model...
2026-01-08 00:28:16.221 | INFO     | __main__:create_model:191 - Using TacticsGNN
2026-01-08 00:28:16.282 | INFO     | __main__:create_model:200 - Model parameters: 36,747
2026-01-08 00:28:16.282 | INFO     | __main__:train_model:207 - ============================================================
2026-01-08 00:28:16.282 | INFO     | __main__:train_model:208 - Starting training...
2026-01-08 00:28:16.296 | INFO     | models.trainer:get_device:158 - Using Apple Silicon MPS
2026-01-08 00:28:16.362 | INFO     | models.trainer:__init__:207 - Model has 36,747 trainable parameters
2026-01-08 00:28:16.363 | INFO     | models.trainer:__init__:247 - TacticsTrainer initialized | device=mps | epochs=10
2026-01-08 00:28:16.363 | INFO     | models.trainer:train:587 - ============================================================
2026-01-08 00:28:16.363 | INFO     | models.trainer:train:588 - Starting training
2026-01-08 00:28:16.363 | INFO     | models.trainer:train:589 -   Epochs: 10
2026-01-08 00:28:16.363 | INFO     | models.trainer:train:590 -   Patience: 10
2026-01-08 00:28:16.363 | INFO     | models.trainer:train:591 -   Learning rate: 0.001
2026-01-08 00:28:16.363 | INFO     | models.trainer:train:592 -   Device: mps
2026-01-08 00:28:16.363 | INFO     | models.trainer:train:593 - ============================================================
2026-01-08 00:28:16.397 | ERROR    | __main__:main:351 - Training failed: 'list' object has no attribute 'to'
Traceback (most recent call last):

  File "<frozen runpy>", line 198, in _run_module_as_main
  File "<frozen runpy>", line 88, in _run_code

  File "/Users/adrianapenberthy/Documents/AIPM/PythonProjects/TacticsAI/backend/scripts/train.py", line 356, in <module>
    sys.exit(main())
    │   │    └ <function main at 0x132f43950>
    │   └ <built-in function exit>
    └ <module 'sys' (built-in)>

> File "/Users/adrianapenberthy/Documents/AIPM/PythonProjects/TacticsAI/backend/scripts/train.py", line 336, in main
    trainer, history = train_model(args, model, train_loader, val_loader)
                       │           │     │      │             └ <torch_geometric.loader.dataloader.DataLoader object at 0x132de9bd0>
                       │           │     │      └ <torch_geometric.loader.dataloader.DataLoader object at 0x132c7f8c0>
                       │           │     └ TacticsGNN(
                       │           │         (input_proj): Linear(in_features=8, out_features=64, bias=True)
                       │           │         (gcn_layers): ModuleList(
                       │           │           (0-2): 3 x GCNC...
                       │           └ Namespace(epochs=10, batch_size=32, lr=0.001, patience=10, max_matches=100, val_split=0.2, synthetic=False, synthetic_samples...
                       └ <function train_model at 0x132f422a0>

  File "/Users/adrianapenberthy/Documents/AIPM/PythonProjects/TacticsAI/backend/scripts/train.py", line 227, in train_model
    history = trainer.train()
              │       └ <function TacticsTrainer.train at 0x132f43270>
              └ <models.trainer.TacticsTrainer object at 0x135918830>

  File "/Users/adrianapenberthy/Documents/AIPM/PythonProjects/TacticsAI/backend/models/trainer.py", line 602, in train
    train_metrics = self.train_epoch()
                    │    └ <function TacticsTrainer.train_epoch at 0x132f42c40>
                    └ <models.trainer.TacticsTrainer object at 0x135918830>

  File "/Users/adrianapenberthy/Documents/AIPM/PythonProjects/TacticsAI/backend/models/trainer.py", line 413, in train_epoch
    labels = labels.to(self.device)
             │         │    └ device(type='mps')
             │         └ <models.trainer.TacticsTrainer object at 0x135918830>
             └ [tensor([0.0000, 1.0000, 0.5000, 1.0000, 0.0000, 0.5000, 0.0000, 1.0000, 0.0000,
                       0.5000, 0.0000, 0.5000, 1.0000, 0.50...

AttributeError: 'list' object has no attribute 'to'
